<?xml version="1.0" encoding="UTF-8"?>
<!-- Generated by org.testng.reporters.JUnitXMLReporter -->
<testsuite ignored="0" hostname="SandhyaPC" failures="0" tests="5" name="Test" time="56.156" errors="0" timestamp="2022-08-26T13:49:35 IST">
  <testcase classname="tests.CurrencyConvertorTest" name="convertFromEuroToPounds" time="6.018"/>
  <testcase classname="tests.CurrencyConvertorTest" name="convertFromEuroToPounds" time="6.145"/>
  <testcase classname="tests.CurrencyConvertorTest" name="convertFromEuroToPounds" time="5.603"/>
  <testcase classname="tests.CurrencyConvertorTest" name="convertFromEuroToPounds" time="6.065"/>
  <testcase classname="tests.CurrencyConvertorTest" name="convertFromEuroToPounds" time="5.466"/>
</testsuite> <!-- Test -->
