<?xml version="1.0" encoding="UTF-8"?>
<!-- Generated by org.testng.reporters.JUnitXMLReporter -->
<testsuite ignored="0" hostname="SandhyaPC" failures="0" tests="5" name="Command line test" time="56.273" errors="0" timestamp="2022-08-26T14:26:47 IST">
  <testcase classname="tests.CurrencyConvertorTest" name="convertFromEuroToPounds" time="5.874"/>
  <testcase classname="tests.CurrencyConvertorTest" name="convertFromEuroToPounds" time="5.572"/>
  <testcase classname="tests.CurrencyConvertorTest" name="convertFromEuroToPounds" time="5.855"/>
  <testcase classname="tests.CurrencyConvertorTest" name="convertFromEuroToPounds" time="5.795"/>
  <testcase classname="tests.CurrencyConvertorTest" name="convertFromEuroToPounds" time="5.572"/>
</testsuite> <!-- Command line test -->
