<?xml version="1.0" encoding="UTF-8" ?>
<testsuite tests="5" failures="0" name="tests.CurrencyConvertorTest" time="28.671" errors="0" skipped="0">
  <properties>
[...]
</properties>
  <testcase classname="tests.CurrencyConvertorTest" name="convertFromEuroToPounds" time="5.876"/>
  <testcase classname="tests.CurrencyConvertorTest" name="convertFromEuroToPounds" time="5.573"/>
  <testcase classname="tests.CurrencyConvertorTest" name="convertFromEuroToPounds" time="5.856"/>
  <testcase classname="tests.CurrencyConvertorTest" name="convertFromEuroToPounds" time="5.794"/>
  <testcase classname="tests.CurrencyConvertorTest" name="convertFromEuroToPounds" time="5.572"/>
</testsuite>