<?xml version="1.0" encoding="UTF-8"?>
<testng-results ignored="0" total="5" passed="5" failed="0" skipped="0">
  <reporter-output>
  </reporter-output>
  <suite started-at="2022-08-26T14:25:51 IST" name="tests.CurrencyConvertorTest" finished-at="2022-08-26T14:26:47 IST" duration-ms="56273">
    <groups>
    </groups>
    <test started-at="2022-08-26T14:25:51 IST" name="Command line test" finished-at="2022-08-26T14:26:47 IST" duration-ms="56273">
      <class name="tests.CurrencyConvertorTest">
        <test-method is-config="true" signature="initDriver()[pri:0, instance:tests.CurrencyConvertorTest@757277dc]" started-at="2022-08-26T14:25:51 IST" name="initDriver" finished-at="2022-08-26T14:25:58 IST" duration-ms="6714" status="PASS">
          <reporter-output>
          </reporter-output>
        </test-method> <!-- initDriver -->
        <test-method signature="convertFromEuroToPounds(java.lang.String)[pri:0, instance:tests.CurrencyConvertorTest@757277dc]" started-at="2022-08-26T14:25:58 IST" name="convertFromEuroToPounds" data-provider="testdata" finished-at="2022-08-26T14:26:04 IST" duration-ms="5874" status="PASS">
          <params>
            <param index="0">
              <value>
                <![CDATA[5]]>
              </value>
            </param>
          </params>
          <reporter-output>
          </reporter-output>
        </test-method> <!-- convertFromEuroToPounds -->
        <test-method is-config="true" signature="closeDriver()[pri:0, instance:tests.CurrencyConvertorTest@757277dc]" started-at="2022-08-26T14:26:04 IST" name="closeDriver" finished-at="2022-08-26T14:26:04 IST" duration-ms="702" status="PASS">
          <reporter-output>
          </reporter-output>
        </test-method> <!-- closeDriver -->
        <test-method is-config="true" signature="initDriver()[pri:0, instance:tests.CurrencyConvertorTest@757277dc]" started-at="2022-08-26T14:26:04 IST" name="initDriver" finished-at="2022-08-26T14:26:09 IST" duration-ms="4482" status="PASS">
          <reporter-output>
          </reporter-output>
        </test-method> <!-- initDriver -->
        <test-method signature="convertFromEuroToPounds(java.lang.String)[pri:0, instance:tests.CurrencyConvertorTest@757277dc]" started-at="2022-08-26T14:26:09 IST" name="convertFromEuroToPounds" data-provider="testdata" finished-at="2022-08-26T14:26:14 IST" duration-ms="5572" status="PASS">
          <params>
            <param index="0">
              <value>
                <![CDATA[10]]>
              </value>
            </param>
          </params>
          <reporter-output>
          </reporter-output>
        </test-method> <!-- convertFromEuroToPounds -->
        <test-method is-config="true" signature="closeDriver()[pri:0, instance:tests.CurrencyConvertorTest@757277dc]" started-at="2022-08-26T14:26:14 IST" name="closeDriver" finished-at="2022-08-26T14:26:15 IST" duration-ms="759" status="PASS">
          <reporter-output>
          </reporter-output>
        </test-method> <!-- closeDriver -->
        <test-method is-config="true" signature="initDriver()[pri:0, instance:tests.CurrencyConvertorTest@757277dc]" started-at="2022-08-26T14:26:15 IST" name="initDriver" finished-at="2022-08-26T14:26:19 IST" duration-ms="4167" status="PASS">
          <reporter-output>
          </reporter-output>
        </test-method> <!-- initDriver -->
        <test-method signature="convertFromEuroToPounds(java.lang.String)[pri:0, instance:tests.CurrencyConvertorTest@757277dc]" started-at="2022-08-26T14:26:19 IST" name="convertFromEuroToPounds" data-provider="testdata" finished-at="2022-08-26T14:26:25 IST" duration-ms="5855" status="PASS">
          <params>
            <param index="0">
              <value>
                <![CDATA[100]]>
              </value>
            </param>
          </params>
          <reporter-output>
          </reporter-output>
        </test-method> <!-- convertFromEuroToPounds -->
        <test-method is-config="true" signature="closeDriver()[pri:0, instance:tests.CurrencyConvertorTest@757277dc]" started-at="2022-08-26T14:26:25 IST" name="closeDriver" finished-at="2022-08-26T14:26:26 IST" duration-ms="723" status="PASS">
          <reporter-output>
          </reporter-output>
        </test-method> <!-- closeDriver -->
        <test-method is-config="true" signature="initDriver()[pri:0, instance:tests.CurrencyConvertorTest@757277dc]" started-at="2022-08-26T14:26:26 IST" name="initDriver" finished-at="2022-08-26T14:26:30 IST" duration-ms="4313" status="PASS">
          <reporter-output>
          </reporter-output>
        </test-method> <!-- initDriver -->
        <test-method signature="convertFromEuroToPounds(java.lang.String)[pri:0, instance:tests.CurrencyConvertorTest@757277dc]" started-at="2022-08-26T14:26:30 IST" name="convertFromEuroToPounds" data-provider="testdata" finished-at="2022-08-26T14:26:36 IST" duration-ms="5795" status="PASS">
          <params>
            <param index="0">
              <value>
                <![CDATA[190]]>
              </value>
            </param>
          </params>
          <reporter-output>
          </reporter-output>
        </test-method> <!-- convertFromEuroToPounds -->
        <test-method is-config="true" signature="closeDriver()[pri:0, instance:tests.CurrencyConvertorTest@757277dc]" started-at="2022-08-26T14:26:36 IST" name="closeDriver" finished-at="2022-08-26T14:26:37 IST" duration-ms="702" status="PASS">
          <reporter-output>
          </reporter-output>
        </test-method> <!-- closeDriver -->
        <test-method is-config="true" signature="initDriver()[pri:0, instance:tests.CurrencyConvertorTest@757277dc]" started-at="2022-08-26T14:26:37 IST" name="initDriver" finished-at="2022-08-26T14:26:41 IST" duration-ms="4289" status="PASS">
          <reporter-output>
          </reporter-output>
        </test-method> <!-- initDriver -->
        <test-method signature="convertFromEuroToPounds(java.lang.String)[pri:0, instance:tests.CurrencyConvertorTest@757277dc]" started-at="2022-08-26T14:26:41 IST" name="convertFromEuroToPounds" data-provider="testdata" finished-at="2022-08-26T14:26:46 IST" duration-ms="5572" status="PASS">
          <params>
            <param index="0">
              <value>
                <![CDATA[1000]]>
              </value>
            </param>
          </params>
          <reporter-output>
          </reporter-output>
        </test-method> <!-- convertFromEuroToPounds -->
        <test-method is-config="true" signature="closeDriver()[pri:0, instance:tests.CurrencyConvertorTest@757277dc]" started-at="2022-08-26T14:26:46 IST" name="closeDriver" finished-at="2022-08-26T14:26:47 IST" duration-ms="685" status="PASS">
          <reporter-output>
          </reporter-output>
        </test-method> <!-- closeDriver -->
      </class> <!-- tests.CurrencyConvertorTest -->
    </test> <!-- Command line test -->
  </suite> <!-- tests.CurrencyConvertorTest -->
</testng-results>
