<?xml version="1.0" encoding="UTF-8"?>
<testng-results ignored="0" total="5" passed="5" failed="0" skipped="0">
  <reporter-output>
  </reporter-output>
  <suite started-at="2022-08-26T13:48:39 IST" name="Suite" finished-at="2022-08-26T13:49:35 IST" duration-ms="56156">
    <groups>
    </groups>
    <test started-at="2022-08-26T13:48:39 IST" name="Test" finished-at="2022-08-26T13:49:35 IST" duration-ms="56156">
      <class name="tests.CurrencyConvertorTest">
        <test-method is-config="true" signature="initDriver()[pri:0, instance:tests.CurrencyConvertorTest@57a3af25]" started-at="2022-08-26T13:48:39 IST" name="initDriver" finished-at="2022-08-26T13:48:45 IST" duration-ms="6466" status="PASS">
          <reporter-output>
          </reporter-output>
        </test-method> <!-- initDriver -->
        <test-method signature="convertFromEuroToPounds(java.lang.String)[pri:0, instance:tests.CurrencyConvertorTest@57a3af25]" started-at="2022-08-26T13:48:45 IST" name="convertFromEuroToPounds" data-provider="testdata" finished-at="2022-08-26T13:48:51 IST" duration-ms="6018" status="PASS">
          <params>
            <param index="0">
              <value>
                <![CDATA[5]]>
              </value>
            </param>
          </params>
          <reporter-output>
          </reporter-output>
        </test-method> <!-- convertFromEuroToPounds -->
        <test-method is-config="true" signature="closeDriver()[pri:0, instance:tests.CurrencyConvertorTest@57a3af25]" started-at="2022-08-26T13:48:52 IST" name="closeDriver" finished-at="2022-08-26T13:48:52 IST" duration-ms="746" status="PASS">
          <reporter-output>
          </reporter-output>
        </test-method> <!-- closeDriver -->
        <test-method is-config="true" signature="initDriver()[pri:0, instance:tests.CurrencyConvertorTest@57a3af25]" started-at="2022-08-26T13:48:52 IST" name="initDriver" finished-at="2022-08-26T13:48:56 IST" duration-ms="4230" status="PASS">
          <reporter-output>
          </reporter-output>
        </test-method> <!-- initDriver -->
        <test-method signature="convertFromEuroToPounds(java.lang.String)[pri:0, instance:tests.CurrencyConvertorTest@57a3af25]" started-at="2022-08-26T13:48:56 IST" name="convertFromEuroToPounds" data-provider="testdata" finished-at="2022-08-26T13:49:03 IST" duration-ms="6145" status="PASS">
          <params>
            <param index="0">
              <value>
                <![CDATA[10]]>
              </value>
            </param>
          </params>
          <reporter-output>
          </reporter-output>
        </test-method> <!-- convertFromEuroToPounds -->
        <test-method is-config="true" signature="closeDriver()[pri:0, instance:tests.CurrencyConvertorTest@57a3af25]" started-at="2022-08-26T13:49:03 IST" name="closeDriver" finished-at="2022-08-26T13:49:03 IST" duration-ms="700" status="PASS">
          <reporter-output>
          </reporter-output>
        </test-method> <!-- closeDriver -->
        <test-method is-config="true" signature="initDriver()[pri:0, instance:tests.CurrencyConvertorTest@57a3af25]" started-at="2022-08-26T13:49:03 IST" name="initDriver" finished-at="2022-08-26T13:49:07 IST" duration-ms="4124" status="PASS">
          <reporter-output>
          </reporter-output>
        </test-method> <!-- initDriver -->
        <test-method signature="convertFromEuroToPounds(java.lang.String)[pri:0, instance:tests.CurrencyConvertorTest@57a3af25]" started-at="2022-08-26T13:49:07 IST" name="convertFromEuroToPounds" data-provider="testdata" finished-at="2022-08-26T13:49:13 IST" duration-ms="5603" status="PASS">
          <params>
            <param index="0">
              <value>
                <![CDATA[100]]>
              </value>
            </param>
          </params>
          <reporter-output>
          </reporter-output>
        </test-method> <!-- convertFromEuroToPounds -->
        <test-method is-config="true" signature="closeDriver()[pri:0, instance:tests.CurrencyConvertorTest@57a3af25]" started-at="2022-08-26T13:49:13 IST" name="closeDriver" finished-at="2022-08-26T13:49:14 IST" duration-ms="713" status="PASS">
          <reporter-output>
          </reporter-output>
        </test-method> <!-- closeDriver -->
        <test-method is-config="true" signature="initDriver()[pri:0, instance:tests.CurrencyConvertorTest@57a3af25]" started-at="2022-08-26T13:49:14 IST" name="initDriver" finished-at="2022-08-26T13:49:18 IST" duration-ms="4103" status="PASS">
          <reporter-output>
          </reporter-output>
        </test-method> <!-- initDriver -->
        <test-method signature="convertFromEuroToPounds(java.lang.String)[pri:0, instance:tests.CurrencyConvertorTest@57a3af25]" started-at="2022-08-26T13:49:18 IST" name="convertFromEuroToPounds" data-provider="testdata" finished-at="2022-08-26T13:49:24 IST" duration-ms="6065" status="PASS">
          <params>
            <param index="0">
              <value>
                <![CDATA[190]]>
              </value>
            </param>
          </params>
          <reporter-output>
          </reporter-output>
        </test-method> <!-- convertFromEuroToPounds -->
        <test-method is-config="true" signature="closeDriver()[pri:0, instance:tests.CurrencyConvertorTest@57a3af25]" started-at="2022-08-26T13:49:24 IST" name="closeDriver" finished-at="2022-08-26T13:49:25 IST" duration-ms="744" status="PASS">
          <reporter-output>
          </reporter-output>
        </test-method> <!-- closeDriver -->
        <test-method is-config="true" signature="initDriver()[pri:0, instance:tests.CurrencyConvertorTest@57a3af25]" started-at="2022-08-26T13:49:25 IST" name="initDriver" finished-at="2022-08-26T13:49:29 IST" duration-ms="4237" status="PASS">
          <reporter-output>
          </reporter-output>
        </test-method> <!-- initDriver -->
        <test-method signature="convertFromEuroToPounds(java.lang.String)[pri:0, instance:tests.CurrencyConvertorTest@57a3af25]" started-at="2022-08-26T13:49:29 IST" name="convertFromEuroToPounds" data-provider="testdata" finished-at="2022-08-26T13:49:34 IST" duration-ms="5466" status="PASS">
          <params>
            <param index="0">
              <value>
                <![CDATA[1000]]>
              </value>
            </param>
          </params>
          <reporter-output>
          </reporter-output>
        </test-method> <!-- convertFromEuroToPounds -->
        <test-method is-config="true" signature="closeDriver()[pri:0, instance:tests.CurrencyConvertorTest@57a3af25]" started-at="2022-08-26T13:49:34 IST" name="closeDriver" finished-at="2022-08-26T13:49:35 IST" duration-ms="729" status="PASS">
          <reporter-output>
          </reporter-output>
        </test-method> <!-- closeDriver -->
      </class> <!-- tests.CurrencyConvertorTest -->
    </test> <!-- Test -->
  </suite> <!-- Suite -->
</testng-results>
